wear/build/intermediates/manifest_merge_blame_file/release/manifest-merger-blame-release-report.txt
1<?xml version="1.0" encoding="utf-8"?>
2<manifest xmlns:android="http://schemas.android.com/apk/res/android"
3    package="com.planner.tracker"
4    android:versionCode="1"
5    android:versionName="1.0" >
6
7    <uses-sdk
8        android:minSdkVersion="26"
9        android:targetSdkVersion="34" />
10
11    <uses-feature android:name="android.hardware.type.watch" />
11-->src\main\AndroidManifest.xml:4:5-64
11-->src\main\AndroidManifest.xml:4:19-61
12
13    <uses-permission android:name="android.permission.WAKE_LOCK" />
13-->src\main\AndroidManifest.xml:6:5-68
13-->src\main\AndroidManifest.xml:6:22-65
14
15    <permission
15-->[androidx.core:core:1.12.0] AndroidManifest.xml:22:5-24:47
16        android:name="com.planner.tracker.DYNAMIC_RECEIVER_NOT_EXPORTED_PERMISSION"
16-->[androidx.core:core:1.12.0] AndroidManifest.xml:23:9-81
17        android:protectionLevel="signature" />
17-->[androidx.core:core:1.12.0] AndroidManifest.xml:24:9-44
18
19    <uses-permission android:name="com.planner.tracker.DYNAMIC_RECEIVER_NOT_EXPORTED_PERMISSION" />
19-->[androidx.core:core:1.12.0] AndroidManifest.xml:26:5-97
19-->[androidx.core:core:1.12.0] AndroidManifest.xml:26:22-94
20
21    <queries>
21-->[androidx.wear.tiles:tiles:1.2.0] AndroidManifest.xml:7:5-11:15
22        <intent>
22-->[androidx.wear.tiles:tiles:1.2.0] AndroidManifest.xml:8:9-10:18
23            <action android:name="androidx.wear.tiles.action.BIND_UPDATE_REQUESTER" />
23-->[androidx.wear.tiles:tiles:1.2.0] AndroidManifest.xml:9:13-87
23-->[androidx.wear.tiles:tiles:1.2.0] AndroidManifest.xml:9:21-84
24        </intent>
25    </queries>
26
27    <application
27-->src\main\AndroidManifest.xml:8:5-66:19
28        android:allowBackup="true"
28-->src\main\AndroidManifest.xml:9:9-35
29        android:appComponentFactory="androidx.core.app.CoreComponentFactory"
29-->[androidx.core:core:1.12.0] AndroidManifest.xml:28:18-86
30        android:extractNativeLibs="false"
31        android:icon="@mipmap/ic_launcher"
31-->src\main\AndroidManifest.xml:10:9-43
32        android:label="Planner Watch"
32-->src\main\AndroidManifest.xml:12:9-38
33        android:roundIcon="@mipmap/ic_launcher_round"
33-->src\main\AndroidManifest.xml:11:9-54
34        android:supportsRtl="true"
34-->src\main\AndroidManifest.xml:13:9-35
35        android:theme="@android:style/Theme.DeviceDefault" >
35-->src\main\AndroidManifest.xml:14:9-59
36        <uses-library
36-->src\main\AndroidManifest.xml:16:9-18:40
37            android:name="com.google.android.wearable"
37-->src\main\AndroidManifest.xml:17:13-55
38            android:required="false" />
38-->src\main\AndroidManifest.xml:18:13-37
39
40        <activity
40-->src\main\AndroidManifest.xml:20:9-28:20
41            android:name="com.planner.tracker.wear.WearMainActivity"
41-->src\main\AndroidManifest.xml:21:13-69
42            android:exported="true"
42-->src\main\AndroidManifest.xml:22:13-36
43            android:theme="@android:style/Theme.DeviceDefault" >
43-->src\main\AndroidManifest.xml:23:13-63
44            <intent-filter>
44-->src\main\AndroidManifest.xml:24:13-27:29
45                <action android:name="android.intent.action.MAIN" />
45-->src\main\AndroidManifest.xml:25:17-69
45-->src\main\AndroidManifest.xml:25:25-66
46
47                <category android:name="android.intent.category.LAUNCHER" />
47-->src\main\AndroidManifest.xml:26:17-77
47-->src\main\AndroidManifest.xml:26:27-74
48            </intent-filter>
49        </activity>
50
51        <service
51-->src\main\AndroidManifest.xml:30:9-38:19
52            android:name="com.planner.tracker.wear.presentation.WearService"
52-->src\main\AndroidManifest.xml:31:13-77
53            android:exported="true" >
53-->src\main\AndroidManifest.xml:32:13-36
54            <intent-filter>
54-->src\main\AndroidManifest.xml:33:13-37:29
55                <action android:name="com.google.android.gms.wearable.DATA_CHANGED" />
55-->src\main\AndroidManifest.xml:34:17-87
55-->src\main\AndroidManifest.xml:34:25-84
56                <action android:name="com.google.android.gms.wearable.MESSAGE_RECEIVED" />
56-->src\main\AndroidManifest.xml:35:17-91
56-->src\main\AndroidManifest.xml:35:25-88
57
58                <data
58-->src\main\AndroidManifest.xml:36:17-64
59                    android:host="*"
59-->src\main\AndroidManifest.xml:36:23-39
60                    android:scheme="wear" />
60-->src\main\AndroidManifest.xml:36:40-61
61            </intent-filter>
62        </service>
63        <service
63-->src\main\AndroidManifest.xml:40:9-48:19
64            android:name="com.planner.tracker.wear.tile.ActivityTileService"
64-->src\main\AndroidManifest.xml:41:13-53
65            android:exported="true"
65-->src\main\AndroidManifest.xml:42:13-36
66            android:label="Planner 활동 타일"
66-->src\main\AndroidManifest.xml:43:13-42
67            android:permission="com.google.android.wearable.permission.BIND_TILE" >
67-->src\main\AndroidManifest.xml:44:13-82
68            <intent-filter>
68-->src\main\AndroidManifest.xml:45:13-47:29
69                <action android:name="androidx.wear.tiles.action.BIND_TILE_PROVIDER" />
69-->src\main\AndroidManifest.xml:46:17-88
69-->src\main\AndroidManifest.xml:46:25-85
70            </intent-filter>
71        </service>
72        <service
72-->src\main\AndroidManifest.xml:50:9-64:19
73            android:name="com.planner.tracker.wear.complication.TodayTimeComplicationService"
73-->src\main\AndroidManifest.xml:51:13-70
74            android:exported="true"
74-->src\main\AndroidManifest.xml:52:13-36
75            android:label="Planner 오늘 누적 시간"
75-->src\main\AndroidManifest.xml:53:13-45
76            android:permission="com.google.android.wearable.permission.BIND_COMPLICATION_PROVIDER" >
76-->src\main\AndroidManifest.xml:54:13-99
77            <intent-filter>
77-->src\main\AndroidManifest.xml:55:13-57:29
78                <action android:name="android.support.wearable.complications.ACTION_COMPLICATION_UPDATE_REQUEST" />
78-->src\main\AndroidManifest.xml:56:17-116
78-->src\main\AndroidManifest.xml:56:25-113
79            </intent-filter>
80
81            <meta-data
81-->src\main\AndroidManifest.xml:58:13-60:46
82                android:name="android.support.wearable.complications.SUPPORTED_TYPES"
82-->src\main\AndroidManifest.xml:59:17-86
83                android:value="SHORT_TEXT" />
83-->src\main\AndroidManifest.xml:60:17-43
84            <meta-data
84-->src\main\AndroidManifest.xml:61:13-63:39
85                android:name="android.support.wearable.complications.UPDATE_PERIOD_SECONDS"
85-->src\main\AndroidManifest.xml:62:17-92
86                android:value="300" />
86-->src\main\AndroidManifest.xml:63:17-36
87        </service>
88
89        <activity
89-->[com.google.android.gms:play-services-base:18.0.1] AndroidManifest.xml:20:9-22:45
90            android:name="com.google.android.gms.common.api.GoogleApiActivity"
90-->[com.google.android.gms:play-services-base:18.0.1] AndroidManifest.xml:20:19-85
91            android:exported="false"
91-->[com.google.android.gms:play-services-base:18.0.1] AndroidManifest.xml:22:19-43
92            android:theme="@android:style/Theme.Translucent.NoTitleBar" />
92-->[com.google.android.gms:play-services-base:18.0.1] AndroidManifest.xml:21:19-78
93
94        <meta-data
94-->[com.google.android.gms:play-services-basement:18.0.0] AndroidManifest.xml:21:9-23:69
95            android:name="com.google.android.gms.version"
95-->[com.google.android.gms:play-services-basement:18.0.0] AndroidManifest.xml:22:13-58
96            android:value="@integer/google_play_services_version" />
96-->[com.google.android.gms:play-services-basement:18.0.0] AndroidManifest.xml:23:13-66
97
98        <provider
98-->[androidx.emoji2:emoji2:1.3.0] AndroidManifest.xml:24:9-32:20
99            android:name="androidx.startup.InitializationProvider"
99-->[androidx.emoji2:emoji2:1.3.0] AndroidManifest.xml:25:13-67
100            android:authorities="com.planner.tracker.androidx-startup"
100-->[androidx.emoji2:emoji2:1.3.0] AndroidManifest.xml:26:13-68
101            android:exported="false" >
101-->[androidx.emoji2:emoji2:1.3.0] AndroidManifest.xml:27:13-37
102            <meta-data
102-->[androidx.emoji2:emoji2:1.3.0] AndroidManifest.xml:29:13-31:52
103                android:name="androidx.emoji2.text.EmojiCompatInitializer"
103-->[androidx.emoji2:emoji2:1.3.0] AndroidManifest.xml:30:17-75
104                android:value="androidx.startup" />
104-->[androidx.emoji2:emoji2:1.3.0] AndroidManifest.xml:31:17-49
105            <meta-data
105-->[androidx.lifecycle:lifecycle-process:2.7.0] AndroidManifest.xml:29:13-31:52
106                android:name="androidx.lifecycle.ProcessLifecycleInitializer"
106-->[androidx.lifecycle:lifecycle-process:2.7.0] AndroidManifest.xml:30:17-78
107                android:value="androidx.startup" />
107-->[androidx.lifecycle:lifecycle-process:2.7.0] AndroidManifest.xml:31:17-49
108            <meta-data
108-->[androidx.profileinstaller:profileinstaller:1.3.0] AndroidManifest.xml:29:13-31:52
109                android:name="androidx.profileinstaller.ProfileInstallerInitializer"
109-->[androidx.profileinstaller:profileinstaller:1.3.0] AndroidManifest.xml:30:17-85
110                android:value="androidx.startup" />
110-->[androidx.profileinstaller:profileinstaller:1.3.0] AndroidManifest.xml:31:17-49
111        </provider>
112
113        <receiver
113-->[androidx.profileinstaller:profileinstaller:1.3.0] AndroidManifest.xml:34:9-52:20
114            android:name="androidx.profileinstaller.ProfileInstallReceiver"
114-->[androidx.profileinstaller:profileinstaller:1.3.0] AndroidManifest.xml:35:13-76
115            android:directBootAware="false"
115-->[androidx.profileinstaller:profileinstaller:1.3.0] AndroidManifest.xml:36:13-44
116            android:enabled="true"
116-->[androidx.profileinstaller:profileinstaller:1.3.0] AndroidManifest.xml:37:13-35
117            android:exported="true"
117-->[androidx.profileinstaller:profileinstaller:1.3.0] AndroidManifest.xml:38:13-36
118            android:permission="android.permission.DUMP" >
118-->[androidx.profileinstaller:profileinstaller:1.3.0] AndroidManifest.xml:39:13-57
119            <intent-filter>
119-->[androidx.profileinstaller:profileinstaller:1.3.0] AndroidManifest.xml:40:13-42:29
120                <action android:name="androidx.profileinstaller.action.INSTALL_PROFILE" />
120-->[androidx.profileinstaller:profileinstaller:1.3.0] AndroidManifest.xml:41:17-91
120-->[androidx.profileinstaller:profileinstaller:1.3.0] AndroidManifest.xml:41:25-88
121            </intent-filter>
122            <intent-filter>
122-->[androidx.profileinstaller:profileinstaller:1.3.0] AndroidManifest.xml:43:13-45:29
123                <action android:name="androidx.profileinstaller.action.SKIP_FILE" />
123-->[androidx.profileinstaller:profileinstaller:1.3.0] AndroidManifest.xml:44:17-85
123-->[androidx.profileinstaller:profileinstaller:1.3.0] AndroidManifest.xml:44:25-82
124            </intent-filter>
125            <intent-filter>
125-->[androidx.profileinstaller:profileinstaller:1.3.0] AndroidManifest.xml:46:13-48:29
126                <action android:name="androidx.profileinstaller.action.SAVE_PROFILE" />
126-->[androidx.profileinstaller:profileinstaller:1.3.0] AndroidManifest.xml:47:17-88
126-->[androidx.profileinstaller:profileinstaller:1.3.0] AndroidManifest.xml:47:25-85
127            </intent-filter>
128            <intent-filter>
128-->[androidx.profileinstaller:profileinstaller:1.3.0] AndroidManifest.xml:49:13-51:29
129                <action android:name="androidx.profileinstaller.action.BENCHMARK_OPERATION" />
129-->[androidx.profileinstaller:profileinstaller:1.3.0] AndroidManifest.xml:50:17-95
129-->[androidx.profileinstaller:profileinstaller:1.3.0] AndroidManifest.xml:50:25-92
130            </intent-filter>
131        </receiver>
132    </application>
133
134</manifest>